  2 сем Курсовая деревья.cpp
D:\Программы\OSPanel\domains\-C-\2 сем Курсовая деревья\2 сем Курсовая деревья.cpp(223,78): warning C4244: return: преобразование "_Rep" в "int", возможна потеря данных
D:\Программы\OSPanel\domains\-C-\2 сем Курсовая деревья\2 сем Курсовая деревья.cpp(223,78): warning C4244:         with
D:\Программы\OSPanel\domains\-C-\2 сем Курсовая деревья\2 сем Курсовая деревья.cpp(223,78): warning C4244:         [
D:\Программы\OSPanel\domains\-C-\2 сем Курсовая деревья\2 сем Курсовая деревья.cpp(223,78): warning C4244:             _Rep=__int64
D:\Программы\OSPanel\domains\-C-\2 сем Курсовая деревья\2 сем Курсовая деревья.cpp(223,78): warning C4244:         ]
D:\Программы\OSPanel\domains\-C-\2 сем Курсовая деревья\2 сем Курсовая деревья.cpp(354,78): warning C4244: return: преобразование "_Rep" в "int", возможна потеря данных
D:\Программы\OSPanel\domains\-C-\2 сем Курсовая деревья\2 сем Курсовая деревья.cpp(354,78): warning C4244:         with
D:\Программы\OSPanel\domains\-C-\2 сем Курсовая деревья\2 сем Курсовая деревья.cpp(354,78): warning C4244:         [
D:\Программы\OSPanel\domains\-C-\2 сем Курсовая деревья\2 сем Курсовая деревья.cpp(354,78): warning C4244:             _Rep=__int64
D:\Программы\OSPanel\domains\-C-\2 сем Курсовая деревья\2 сем Курсовая деревья.cpp(354,78): warning C4244:         ]
D:\Программы\OSPanel\domains\-C-\2 сем Курсовая деревья\2 сем Курсовая деревья.cpp(374,85): warning C4244: +=: преобразование "_Rep" в "int", возможна потеря данных
D:\Программы\OSPanel\domains\-C-\2 сем Курсовая деревья\2 сем Курсовая деревья.cpp(374,85): warning C4244:         with
D:\Программы\OSPanel\domains\-C-\2 сем Курсовая деревья\2 сем Курсовая деревья.cpp(374,85): warning C4244:         [
D:\Программы\OSPanel\domains\-C-\2 сем Курсовая деревья\2 сем Курсовая деревья.cpp(374,85): warning C4244:             _Rep=__int64
D:\Программы\OSPanel\domains\-C-\2 сем Курсовая деревья\2 сем Курсовая деревья.cpp(374,85): warning C4244:         ]
D:\Программы\OSPanel\domains\-C-\2 сем Курсовая деревья\2 сем Курсовая деревья.cpp(388,12): warning C4244: аргумент: преобразование "time_t" в "unsigned int", возможна потеря данных
D:\Программы\OSPanel\domains\-C-\2 сем Курсовая деревья\2 сем Курсовая деревья.cpp(397,84): warning C4244: +=: преобразование "_Rep" в "int", возможна потеря данных
D:\Программы\OSPanel\domains\-C-\2 сем Курсовая деревья\2 сем Курсовая деревья.cpp(397,84): warning C4244:         with
D:\Программы\OSPanel\domains\-C-\2 сем Курсовая деревья\2 сем Курсовая деревья.cpp(397,84): warning C4244:         [
D:\Программы\OSPanel\domains\-C-\2 сем Курсовая деревья\2 сем Курсовая деревья.cpp(397,84): warning C4244:             _Rep=__int64
D:\Программы\OSPanel\domains\-C-\2 сем Курсовая деревья\2 сем Курсовая деревья.cpp(397,84): warning C4244:         ]
D:\Программы\OSPanel\domains\-C-\2 сем Курсовая деревья\2 сем Курсовая деревья.cpp(621,78): warning C4244: return: преобразование "_Rep" в "int", возможна потеря данных
D:\Программы\OSPanel\domains\-C-\2 сем Курсовая деревья\2 сем Курсовая деревья.cpp(621,78): warning C4244:         with
D:\Программы\OSPanel\domains\-C-\2 сем Курсовая деревья\2 сем Курсовая деревья.cpp(621,78): warning C4244:         [
D:\Программы\OSPanel\domains\-C-\2 сем Курсовая деревья\2 сем Курсовая деревья.cpp(621,78): warning C4244:             _Rep=__int64
D:\Программы\OSPanel\domains\-C-\2 сем Курсовая деревья\2 сем Курсовая деревья.cpp(621,78): warning C4244:         ]
D:\Программы\OSPanel\domains\-C-\2 сем Курсовая деревья\2 сем Курсовая деревья.cpp(571,78): warning C4244: return: преобразование "_Rep" в "int", возможна потеря данных
D:\Программы\OSPanel\domains\-C-\2 сем Курсовая деревья\2 сем Курсовая деревья.cpp(571,78): warning C4244:         with
D:\Программы\OSPanel\domains\-C-\2 сем Курсовая деревья\2 сем Курсовая деревья.cpp(571,78): warning C4244:         [
D:\Программы\OSPanel\domains\-C-\2 сем Курсовая деревья\2 сем Курсовая деревья.cpp(571,78): warning C4244:             _Rep=__int64
D:\Программы\OSPanel\domains\-C-\2 сем Курсовая деревья\2 сем Курсовая деревья.cpp(571,78): warning C4244:         ]
  2 сем Курсовая деревья.vcxproj -> D:\Программы\OSPanel\domains\-C-\2 сем Курсовая деревья\x64\Debug\2 сем Курсовая деревья.exe
