  stacks.cpp
D:\Программы\OSPanel\domains\-C-\2 сем Курсовые и лабы\2 сем Курсовые и лабы\stacks.cpp(11,2): error C4430: отсутствует спецификатор типа - предполагается int. Примечание. C++ не поддерживает int по умолчанию
D:\Программы\OSPanel\domains\-C-\2 сем Курсовые и лабы\2 сем Курсовые и лабы\stacks.cpp(11,9): error C2146: синтаксическая ошибка: отсутствие ";" перед идентификатором "DoOperatorUsual"
D:\Программы\OSPanel\domains\-C-\2 сем Курсовые и лабы\2 сем Курсовые и лабы\stacks.cpp(11,70): error C2143: синтаксическая ошибка: отсутствие ";" перед "{"
D:\Программы\OSPanel\domains\-C-\2 сем Курсовые и лабы\2 сем Курсовые и лабы\stacks.cpp(11,70): error C2447: {: отсутствует заголовок функции (возможно, используется формальный список старого типа)
D:\Программы\OSPanel\domains\-C-\2 сем Курсовые и лабы\2 сем Курсовые и лабы\stacks.cpp(65,2): error C4430: отсутствует спецификатор типа - предполагается int. Примечание. C++ не поддерживает int по умолчанию
D:\Программы\OSPanel\domains\-C-\2 сем Курсовые и лабы\2 сем Курсовые и лабы\stacks.cpp(65,2): error C2086: int thirdPract::string: переопределение
D:\Программы\OSPanel\domains\-C-\2 сем Курсовые и лабы\2 сем Курсовые и лабы\stacks.cpp(65,9): error C2146: синтаксическая ошибка: отсутствие ";" перед идентификатором "solutionUsualNot"
D:\Программы\OSPanel\domains\-C-\2 сем Курсовые и лабы\2 сем Курсовые и лабы\stacks.cpp(65,45): error C2143: синтаксическая ошибка: отсутствие ";" перед "{"
D:\Программы\OSPanel\domains\-C-\2 сем Курсовые и лабы\2 сем Курсовые и лабы\stacks.cpp(65,45): error C2447: {: отсутствует заголовок функции (возможно, используется формальный список старого типа)
D:\Программы\OSPanel\domains\-C-\2 сем Курсовые и лабы\2 сем Курсовые и лабы\stacks.cpp(116,28): error C2146: синтаксическая ошибка: отсутствие ")" перед идентификатором "expression"
D:\Программы\OSPanel\domains\-C-\2 сем Курсовые и лабы\2 сем Курсовые и лабы\stacks.cpp(116,40): error C2143: синтаксическая ошибка: отсутствие ";" перед "{"
D:\Программы\OSPanel\domains\-C-\2 сем Курсовые и лабы\2 сем Курсовые и лабы\stacks.cpp(116,40): error C2447: {: отсутствует заголовок функции (возможно, используется формальный список старого типа)
D:\Программы\OSPanel\domains\-C-\2 сем Курсовые и лабы\2 сем Курсовые и лабы\stacks.cpp(205,35): error C2146: синтаксическая ошибка: отсутствие ")" перед идентификатором "expression"
D:\Программы\OSPanel\domains\-C-\2 сем Курсовые и лабы\2 сем Курсовые и лабы\stacks.cpp(205,47): error C2143: синтаксическая ошибка: отсутствие ";" перед "{"
D:\Программы\OSPanel\domains\-C-\2 сем Курсовые и лабы\2 сем Курсовые и лабы\stacks.cpp(205,47): error C2447: {: отсутствует заголовок функции (возможно, используется формальный список старого типа)
D:\Программы\OSPanel\domains\-C-\2 сем Курсовые и лабы\2 сем Курсовые и лабы\stacks.cpp(251,33): error C2146: синтаксическая ошибка: отсутствие ")" перед идентификатором "expression"
D:\Программы\OSPanel\domains\-C-\2 сем Курсовые и лабы\2 сем Курсовые и лабы\stacks.cpp(251,45): error C2143: синтаксическая ошибка: отсутствие ";" перед "{"
D:\Программы\OSPanel\domains\-C-\2 сем Курсовые и лабы\2 сем Курсовые и лабы\stacks.cpp(251,45): error C2447: {: отсутствует заголовок функции (возможно, используется формальный список старого типа)
D:\Программы\OSPanel\domains\-C-\2 сем Курсовые и лабы\2 сем Курсовые и лабы\stacks.cpp(271,34): error C2146: синтаксическая ошибка: отсутствие ")" перед идентификатором "expression"
D:\Программы\OSPanel\domains\-C-\2 сем Курсовые и лабы\2 сем Курсовые и лабы\stacks.cpp(271,46): error C2143: синтаксическая ошибка: отсутствие ";" перед "{"
D:\Программы\OSPanel\domains\-C-\2 сем Курсовые и лабы\2 сем Курсовые и лабы\stacks.cpp(271,46): error C2447: {: отсутствует заголовок функции (возможно, используется формальный список старого типа)
D:\Программы\OSPanel\domains\-C-\2 сем Курсовые и лабы\2 сем Курсовые и лабы\stacks.cpp(312,32): error C2146: синтаксическая ошибка: отсутствие ")" перед идентификатором "expression"
D:\Программы\OSPanel\domains\-C-\2 сем Курсовые и лабы\2 сем Курсовые и лабы\stacks.cpp(312,44): error C2143: синтаксическая ошибка: отсутствие ";" перед "{"
D:\Программы\OSPanel\domains\-C-\2 сем Курсовые и лабы\2 сем Курсовые и лабы\stacks.cpp(312,44): error C2447: {: отсутствует заголовок функции (возможно, используется формальный список старого типа)
D:\Программы\OSPanel\domains\-C-\2 сем Курсовые и лабы\2 сем Курсовые и лабы\stacks.cpp(334,25): error C2065: menu: необъявленный идентификатор
D:\Программы\OSPanel\domains\-C-\2 сем Курсовые и лабы\2 сем Курсовые и лабы\stacks.cpp(334,31): error C2062: тип "int" не требуется
D:\Программы\OSPanel\domains\-C-\2 сем Курсовые и лабы\2 сем Курсовые и лабы\stacks.cpp(334,68): error C2143: синтаксическая ошибка: отсутствие ";" перед "{"
D:\Программы\OSPanel\domains\-C-\2 сем Курсовые и лабы\2 сем Курсовые и лабы\stacks.cpp(334,68): error C2447: {: отсутствует заголовок функции (возможно, используется формальный список старого типа)
