  Практическая работа №3.cpp
D:\Программы\OSPanel\domains\-C-\Практическая работа №3\Практическая работа №3.cpp(36,23): warning C4244: =: преобразование "__int64" в "int", возможна потеря данных
D:\Программы\OSPanel\domains\-C-\Практическая работа №3\Практическая работа №3.cpp(62,12): warning C4244: аргумент: преобразование "time_t" в "unsigned int", возможна потеря данных
D:\Программы\OSPanel\domains\-C-\Практическая работа №3\Практическая работа №3.cpp(109,12): warning C4244: аргумент: преобразование "time_t" в "unsigned int", возможна потеря данных
D:\Программы\OSPanel\domains\-C-\Практическая работа №3\Практическая работа №3.cpp(141,12): warning C4244: аргумент: преобразование "time_t" в "unsigned int", возможна потеря данных
D:\Программы\OSPanel\domains\-C-\Практическая работа №3\Практическая работа №3.cpp(373,14): warning C4244: аргумент: преобразование "__int64" в "int", возможна потеря данных
D:\Программы\OSPanel\domains\-C-\Практическая работа №3\Практическая работа №3.cpp(374,26): warning C4244: аргумент: преобразование "__int64" в "int", возможна потеря данных
D:\Программы\OSPanel\domains\-C-\Практическая работа №3\Практическая работа №3.cpp(380,15): warning C4244: аргумент: преобразование "__int64" в "int", возможна потеря данных
D:\Программы\OSPanel\domains\-C-\Практическая работа №3\Практическая работа №3.cpp(381,27): warning C4244: аргумент: преобразование "__int64" в "int", возможна потеря данных
D:\Программы\OSPanel\domains\-C-\Практическая работа №3\Практическая работа №3.cpp(384,14): warning C4244: аргумент: преобразование "__int64" в "int", возможна потеря данных
D:\Программы\OSPanel\domains\-C-\Практическая работа №3\Практическая работа №3.cpp(385,26): warning C4244: аргумент: преобразование "__int64" в "int", возможна потеря данных
D:\Программы\OSPanel\domains\-C-\Практическая работа №3\Практическая работа №3.cpp(388,16): warning C4244: аргумент: преобразование "__int64" в "int", возможна потеря данных
D:\Программы\OSPanel\domains\-C-\Практическая работа №3\Практическая работа №3.cpp(367,9): warning C4101: y: неиспользованная локальная переменная
D:\Программы\OSPanel\domains\-C-\Практическая работа №3\Практическая работа №3.cpp(367,6): warning C4101: x: неиспользованная локальная переменная
D:\Программы\OSPanel\domains\-C-\Практическая работа №3\Практическая работа №3.cpp(367,12): warning C4101: el: неиспользованная локальная переменная
D:\Программы\OSPanel\domains\-C-\Практическая работа №3\Практическая работа №3.cpp(406,14): warning C4244: аргумент: преобразование "__int64" в "int", возможна потеря данных
D:\Программы\OSPanel\domains\-C-\Практическая работа №3\Практическая работа №3.cpp(407,26): warning C4244: аргумент: преобразование "__int64" в "int", возможна потеря данных
D:\Программы\OSPanel\domains\-C-\Практическая работа №3\Практическая работа №3.cpp(413,15): warning C4244: аргумент: преобразование "__int64" в "int", возможна потеря данных
D:\Программы\OSPanel\domains\-C-\Практическая работа №3\Практическая работа №3.cpp(414,27): warning C4244: аргумент: преобразование "__int64" в "int", возможна потеря данных
D:\Программы\OSPanel\domains\-C-\Практическая работа №3\Практическая работа №3.cpp(417,14): warning C4244: аргумент: преобразование "__int64" в "int", возможна потеря данных
D:\Программы\OSPanel\domains\-C-\Практическая работа №3\Практическая работа №3.cpp(418,26): warning C4244: аргумент: преобразование "__int64" в "int", возможна потеря данных
D:\Программы\OSPanel\domains\-C-\Практическая работа №3\Практическая работа №3.cpp(421,15): warning C4244: аргумент: преобразование "__int64" в "int", возможна потеря данных
D:\Программы\OSPanel\domains\-C-\Практическая работа №3\Практическая работа №3.cpp(427,14): warning C4244: аргумент: преобразование "__int64" в "int", возможна потеря данных
D:\Программы\OSPanel\domains\-C-\Практическая работа №3\Практическая работа №3.cpp(428,26): warning C4244: аргумент: преобразование "__int64" в "int", возможна потеря данных
D:\Программы\OSPanel\domains\-C-\Практическая работа №3\Практическая работа №3.cpp(434,15): warning C4244: аргумент: преобразование "__int64" в "int", возможна потеря данных
D:\Программы\OSPanel\domains\-C-\Практическая работа №3\Практическая работа №3.cpp(435,27): warning C4244: аргумент: преобразование "__int64" в "int", возможна потеря данных
D:\Программы\OSPanel\domains\-C-\Практическая работа №3\Практическая работа №3.cpp(438,14): warning C4244: аргумент: преобразование "__int64" в "int", возможна потеря данных
D:\Программы\OSPanel\domains\-C-\Практическая работа №3\Практическая работа №3.cpp(439,26): warning C4244: аргумент: преобразование "__int64" в "int", возможна потеря данных
D:\Программы\OSPanel\domains\-C-\Практическая работа №3\Практическая работа №3.cpp(442,17): warning C4244: аргумент: преобразование "__int64" в "int", возможна потеря данных
D:\Программы\OSPanel\domains\-C-\Практическая работа №3\Практическая работа №3.cpp(401,9): warning C4101: y: неиспользованная локальная переменная
D:\Программы\OSPanel\domains\-C-\Практическая работа №3\Практическая работа №3.cpp(401,6): warning C4101: x: неиспользованная локальная переменная
D:\Программы\OSPanel\domains\-C-\Практическая работа №3\Практическая работа №3.cpp(401,12): warning C4101: el: неиспользованная локальная переменная
D:\Программы\OSPanel\domains\-C-\Практическая работа №3\Практическая работа №3.cpp(455,10): warning C4305: инициализация: усечение из "double" в "float"
D:\Программы\OSPanel\domains\-C-\Практическая работа №3\Практическая работа №3.cpp(461,14): warning C4244: аргумент: преобразование "__int64" в "int", возможна потеря данных
D:\Программы\OSPanel\domains\-C-\Практическая работа №3\Практическая работа №3.cpp(462,26): warning C4244: аргумент: преобразование "__int64" в "int", возможна потеря данных
D:\Программы\OSPanel\domains\-C-\Практическая работа №3\Практическая работа №3.cpp(467,15): warning C4244: аргумент: преобразование "__int64" в "int", возможна потеря данных
D:\Программы\OSPanel\domains\-C-\Практическая работа №3\Практическая работа №3.cpp(468,27): warning C4244: аргумент: преобразование "__int64" в "int", возможна потеря данных
D:\Программы\OSPanel\domains\-C-\Практическая работа №3\Практическая работа №3.cpp(473,14): warning C4244: аргумент: преобразование "__int64" в "int", возможна потеря данных
D:\Программы\OSPanel\domains\-C-\Практическая работа №3\Практическая работа №3.cpp(474,26): warning C4244: аргумент: преобразование "__int64" в "int", возможна потеря данных
D:\Программы\OSPanel\domains\-C-\Практическая работа №3\Практическая работа №3.cpp(476,10): warning C4244: /=: преобразование "float" в "int", возможна потеря данных
D:\Программы\OSPanel\domains\-C-\Практическая работа №3\Практическая работа №3.cpp(482,14): warning C4244: аргумент: преобразование "__int64" в "int", возможна потеря данных
D:\Программы\OSPanel\domains\-C-\Практическая работа №3\Практическая работа №3.cpp(483,26): warning C4244: аргумент: преобразование "__int64" в "int", возможна потеря данных
D:\Программы\OSPanel\domains\-C-\Практическая работа №3\Практическая работа №3.cpp(489,15): warning C4244: аргумент: преобразование "__int64" в "int", возможна потеря данных
D:\Программы\OSPanel\domains\-C-\Практическая работа №3\Практическая работа №3.cpp(490,27): warning C4244: аргумент: преобразование "__int64" в "int", возможна потеря данных
D:\Программы\OSPanel\domains\-C-\Практическая работа №3\Практическая работа №3.cpp(493,14): warning C4244: аргумент: преобразование "__int64" в "int", возможна потеря данных
D:\Программы\OSPanel\domains\-C-\Практическая работа №3\Практическая работа №3.cpp(494,26): warning C4244: аргумент: преобразование "__int64" в "int", возможна потеря данных
D:\Программы\OSPanel\domains\-C-\Практическая работа №3\Практическая работа №3.cpp(454,9): warning C4101: y: неиспользованная локальная переменная
D:\Программы\OSPanel\domains\-C-\Практическая работа №3\Практическая работа №3.cpp(454,6): warning C4101: x: неиспользованная локальная переменная
D:\Программы\OSPanel\domains\-C-\Практическая работа №3\Практическая работа №3.cpp(454,12): warning C4101: el: неиспользованная локальная переменная
D:\Программы\OSPanel\domains\-C-\Практическая работа №3\Практическая работа №3.cpp(516,30): warning C4244: аргумент: преобразование "__int64" в "int", возможна потеря данных
D:\Программы\OSPanel\domains\-C-\Практическая работа №3\Практическая работа №3.cpp(517,34): warning C4244: аргумент: преобразование "__int64" в "int", возможна потеря данных
D:\Программы\OSPanel\domains\-C-\Практическая работа №3\Практическая работа №3.cpp(521,29): warning C4244: аргумент: преобразование "__int64" в "int", возможна потеря данных
D:\Программы\OSPanel\domains\-C-\Практическая работа №3\Практическая работа №3.cpp(523,34): warning C4244: аргумент: преобразование "__int64" в "int", возможна потеря данных
D:\Программы\OSPanel\domains\-C-\Практическая работа №3\Практическая работа №3.cpp(508,9): warning C4101: y: неиспользованная локальная переменная
D:\Программы\OSPanel\domains\-C-\Практическая работа №3\Практическая работа №3.cpp(508,6): warning C4101: x: неиспользованная локальная переменная
D:\Программы\OSPanel\domains\-C-\Практическая работа №3\Практическая работа №3.cpp(508,12): warning C4101: el: неиспользованная локальная переменная
D:\Программы\OSPanel\domains\-C-\Практическая работа №3\Практическая работа №3.cpp(535,13): warning C4244: аргумент: преобразование "__int64" в "int", возможна потеря данных
D:\Программы\OSPanel\domains\-C-\Практическая работа №3\Практическая работа №3.cpp(542,16): warning C4244: аргумент: преобразование "__int64" в "int", возможна потеря данных
D:\Программы\OSPanel\domains\-C-\Практическая работа №3\Практическая работа №3.cpp(547,13): warning C4244: аргумент: преобразование "__int64" в "int", возможна потеря данных
D:\Программы\OSPanel\domains\-C-\Практическая работа №3\Практическая работа №3.cpp(553,18): warning C4244: аргумент: преобразование "__int64" в "int", возможна потеря данных
D:\Программы\OSPanel\domains\-C-\Практическая работа №3\Практическая работа №3.cpp(558,14): warning C4244: аргумент: преобразование "__int64" в "int", возможна потеря данных
D:\Программы\OSPanel\domains\-C-\Практическая работа №3\Практическая работа №3.cpp(561,14): warning C4244: аргумент: преобразование "__int64" в "int", возможна потеря данных
D:\Программы\OSPanel\domains\-C-\Практическая работа №3\Практическая работа №3.cpp(564,14): warning C4244: аргумент: преобразование "__int64" в "int", возможна потеря данных
D:\Программы\OSPanel\domains\-C-\Практическая работа №3\Практическая работа №3.cpp(571,13): warning C4244: аргумент: преобразование "__int64" в "int", возможна потеря данных
D:\Программы\OSPanel\domains\-C-\Практическая работа №3\Практическая работа №3.cpp(573,28): warning C4244: аргумент: преобразование "__int64" в "int", возможна потеря данных
D:\Программы\OSPanel\domains\-C-\Практическая работа №3\Практическая работа №3.cpp(531,13): warning C4101: y: неиспользованная локальная переменная
D:\Программы\OSPanel\domains\-C-\Практическая работа №3\Практическая работа №3.cpp(531,10): warning C4101: x: неиспользованная локальная переменная
D:\Программы\OSPanel\domains\-C-\Практическая работа №3\Практическая работа №3.cpp(531,6): warning C4101: el: неиспользованная локальная переменная
D:\Программы\OSPanel\domains\-C-\Практическая работа №3\Практическая работа №3.cpp(673,12): warning C4244: аргумент: преобразование "time_t" в "unsigned int", возможна потеря данных
D:\Программы\OSPanel\domains\-C-\Практическая работа №3\Практическая работа №3.cpp(894,11): warning C4804: <: небезопасное использование типа "bool" в операции
  Практическая работа №3.vcxproj -> D:\Программы\OSPanel\domains\-C-\Практическая работа №3\x64\Debug\Практическая работа №3.exe
