  2 сем Курсовая деревья.cpp
D:\Программы\OSPanel\domains\-C-\2 сем Курсовая деревья\2 сем Курсовая деревья.cpp(199,80): warning C4244: return: преобразование "_Rep" в "int", возможна потеря данных
D:\Программы\OSPanel\domains\-C-\2 сем Курсовая деревья\2 сем Курсовая деревья.cpp(199,80): warning C4244:         with
D:\Программы\OSPanel\domains\-C-\2 сем Курсовая деревья\2 сем Курсовая деревья.cpp(199,80): warning C4244:         [
D:\Программы\OSPanel\domains\-C-\2 сем Курсовая деревья\2 сем Курсовая деревья.cpp(199,80): warning C4244:             _Rep=__int64
D:\Программы\OSPanel\domains\-C-\2 сем Курсовая деревья\2 сем Курсовая деревья.cpp(199,80): warning C4244:         ]
D:\Программы\OSPanel\domains\-C-\2 сем Курсовая деревья\2 сем Курсовая деревья.cpp(248,78): warning C4244: return: преобразование "_Rep" в "int", возможна потеря данных
D:\Программы\OSPanel\domains\-C-\2 сем Курсовая деревья\2 сем Курсовая деревья.cpp(248,78): warning C4244:         with
D:\Программы\OSPanel\domains\-C-\2 сем Курсовая деревья\2 сем Курсовая деревья.cpp(248,78): warning C4244:         [
D:\Программы\OSPanel\domains\-C-\2 сем Курсовая деревья\2 сем Курсовая деревья.cpp(248,78): warning C4244:             _Rep=__int64
D:\Программы\OSPanel\domains\-C-\2 сем Курсовая деревья\2 сем Курсовая деревья.cpp(248,78): warning C4244:         ]
D:\Программы\OSPanel\domains\-C-\2 сем Курсовая деревья\2 сем Курсовая деревья.cpp(340,80): warning C4244: return: преобразование "_Rep" в "int", возможна потеря данных
D:\Программы\OSPanel\domains\-C-\2 сем Курсовая деревья\2 сем Курсовая деревья.cpp(340,80): warning C4244:         with
D:\Программы\OSPanel\domains\-C-\2 сем Курсовая деревья\2 сем Курсовая деревья.cpp(340,80): warning C4244:         [
D:\Программы\OSPanel\domains\-C-\2 сем Курсовая деревья\2 сем Курсовая деревья.cpp(340,80): warning C4244:             _Rep=__int64
D:\Программы\OSPanel\domains\-C-\2 сем Курсовая деревья\2 сем Курсовая деревья.cpp(340,80): warning C4244:         ]
D:\Программы\OSPanel\domains\-C-\2 сем Курсовая деревья\2 сем Курсовая деревья.cpp(385,78): warning C4244: return: преобразование "_Rep" в "int", возможна потеря данных
D:\Программы\OSPanel\domains\-C-\2 сем Курсовая деревья\2 сем Курсовая деревья.cpp(385,78): warning C4244:         with
D:\Программы\OSPanel\domains\-C-\2 сем Курсовая деревья\2 сем Курсовая деревья.cpp(385,78): warning C4244:         [
D:\Программы\OSPanel\domains\-C-\2 сем Курсовая деревья\2 сем Курсовая деревья.cpp(385,78): warning C4244:             _Rep=__int64
D:\Программы\OSPanel\domains\-C-\2 сем Курсовая деревья\2 сем Курсовая деревья.cpp(385,78): warning C4244:         ]
D:\Программы\OSPanel\domains\-C-\2 сем Курсовая деревья\2 сем Курсовая деревья.cpp(410,86): warning C4244: +=: преобразование "_Rep" в "int", возможна потеря данных
D:\Программы\OSPanel\domains\-C-\2 сем Курсовая деревья\2 сем Курсовая деревья.cpp(410,86): warning C4244:         with
D:\Программы\OSPanel\domains\-C-\2 сем Курсовая деревья\2 сем Курсовая деревья.cpp(410,86): warning C4244:         [
D:\Программы\OSPanel\domains\-C-\2 сем Курсовая деревья\2 сем Курсовая деревья.cpp(410,86): warning C4244:             _Rep=__int64
D:\Программы\OSPanel\domains\-C-\2 сем Курсовая деревья\2 сем Курсовая деревья.cpp(410,86): warning C4244:         ]
D:\Программы\OSPanel\domains\-C-\2 сем Курсовая деревья\2 сем Курсовая деревья.cpp(429,12): warning C4244: аргумент: преобразование "time_t" в "unsigned int", возможна потеря данных
D:\Программы\OSPanel\domains\-C-\2 сем Курсовая деревья\2 сем Курсовая деревья.cpp(438,84): warning C4244: +=: преобразование "_Rep" в "int", возможна потеря данных
D:\Программы\OSPanel\domains\-C-\2 сем Курсовая деревья\2 сем Курсовая деревья.cpp(438,84): warning C4244:         with
D:\Программы\OSPanel\domains\-C-\2 сем Курсовая деревья\2 сем Курсовая деревья.cpp(438,84): warning C4244:         [
D:\Программы\OSPanel\domains\-C-\2 сем Курсовая деревья\2 сем Курсовая деревья.cpp(438,84): warning C4244:             _Rep=__int64
D:\Программы\OSPanel\domains\-C-\2 сем Курсовая деревья\2 сем Курсовая деревья.cpp(438,84): warning C4244:         ]
D:\Программы\OSPanel\domains\-C-\2 сем Курсовая деревья\2 сем Курсовая деревья.cpp(612,78): warning C4244: return: преобразование "_Rep" в "int", возможна потеря данных
D:\Программы\OSPanel\domains\-C-\2 сем Курсовая деревья\2 сем Курсовая деревья.cpp(612,78): warning C4244:         with
D:\Программы\OSPanel\domains\-C-\2 сем Курсовая деревья\2 сем Курсовая деревья.cpp(612,78): warning C4244:         [
D:\Программы\OSPanel\domains\-C-\2 сем Курсовая деревья\2 сем Курсовая деревья.cpp(612,78): warning C4244:             _Rep=__int64
D:\Программы\OSPanel\domains\-C-\2 сем Курсовая деревья\2 сем Курсовая деревья.cpp(612,78): warning C4244:         ]
  2 сем Курсовая деревья.vcxproj -> D:\Программы\OSPanel\domains\-C-\2 сем Курсовая деревья\x64\Debug\2 сем Курсовая деревья.exe
