  Курсовая работа.cpp
D:\Программы\OSPanel\domains\-C-\Курсовая работа\Курсовая работа.cpp(115,48): warning C4018: >: несоответствие типов со знаком и без знака
D:\Программы\OSPanel\domains\-C-\Курсовая работа\Курсовая работа.cpp(120,48): warning C4018: <: несоответствие типов со знаком и без знака
D:\Программы\OSPanel\domains\-C-\Курсовая работа\Курсовая работа.cpp(145,53): warning C4018: >: несоответствие типов со знаком и без знака
D:\Программы\OSPanel\domains\-C-\Курсовая работа\Курсовая работа.cpp(150,53): warning C4018: <: несоответствие типов со знаком и без знака
D:\Программы\OSPanel\domains\-C-\Курсовая работа\Курсовая работа.cpp(183,99): warning C4018: >: несоответствие типов со знаком и без знака
D:\Программы\OSPanel\domains\-C-\Курсовая работа\Курсовая работа.cpp(189,99): warning C4018: <: несоответствие типов со знаком и без знака
D:\Программы\OSPanel\domains\-C-\Курсовая работа\Курсовая работа.cpp(216,15): warning C4244: аргумент: преобразование "time_t" в "unsigned int", возможна потеря данных
D:\Программы\OSPanel\domains\-C-\Курсовая работа\Курсовая работа.cpp(764,23): warning C4244: =: преобразование "__int64" в "int", возможна потеря данных
D:\Программы\OSPanel\domains\-C-\Курсовая работа\Курсовая работа.cpp(789,12): warning C4244: аргумент: преобразование "time_t" в "unsigned int", возможна потеря данных
D:\Программы\OSPanel\domains\-C-\Курсовая работа\Курсовая работа.cpp(836,12): warning C4244: аргумент: преобразование "time_t" в "unsigned int", возможна потеря данных
D:\Программы\OSPanel\domains\-C-\Курсовая работа\Курсовая работа.cpp(868,12): warning C4244: аргумент: преобразование "time_t" в "unsigned int", возможна потеря данных
D:\Программы\OSPanel\domains\-C-\Курсовая работа\Курсовая работа.cpp(1055,14): warning C4244: аргумент: преобразование "__int64" в "int", возможна потеря данных
D:\Программы\OSPanel\domains\-C-\Курсовая работа\Курсовая работа.cpp(1056,26): warning C4244: аргумент: преобразование "__int64" в "int", возможна потеря данных
D:\Программы\OSPanel\domains\-C-\Курсовая работа\Курсовая работа.cpp(1062,15): warning C4244: аргумент: преобразование "__int64" в "int", возможна потеря данных
D:\Программы\OSPanel\domains\-C-\Курсовая работа\Курсовая работа.cpp(1063,27): warning C4244: аргумент: преобразование "__int64" в "int", возможна потеря данных
D:\Программы\OSPanel\domains\-C-\Курсовая работа\Курсовая работа.cpp(1066,14): warning C4244: аргумент: преобразование "__int64" в "int", возможна потеря данных
D:\Программы\OSPanel\domains\-C-\Курсовая работа\Курсовая работа.cpp(1067,26): warning C4244: аргумент: преобразование "__int64" в "int", возможна потеря данных
D:\Программы\OSPanel\domains\-C-\Курсовая работа\Курсовая работа.cpp(1070,16): warning C4244: аргумент: преобразование "__int64" в "int", возможна потеря данных
D:\Программы\OSPanel\domains\-C-\Курсовая работа\Курсовая работа.cpp(1049,9): warning C4101: y: неиспользованная локальная переменная
D:\Программы\OSPanel\domains\-C-\Курсовая работа\Курсовая работа.cpp(1049,6): warning C4101: x: неиспользованная локальная переменная
D:\Программы\OSPanel\domains\-C-\Курсовая работа\Курсовая работа.cpp(1049,12): warning C4101: el: неиспользованная локальная переменная
D:\Программы\OSPanel\domains\-C-\Курсовая работа\Курсовая работа.cpp(1088,14): warning C4244: аргумент: преобразование "__int64" в "int", возможна потеря данных
D:\Программы\OSPanel\domains\-C-\Курсовая работа\Курсовая работа.cpp(1089,26): warning C4244: аргумент: преобразование "__int64" в "int", возможна потеря данных
D:\Программы\OSPanel\domains\-C-\Курсовая работа\Курсовая работа.cpp(1095,15): warning C4244: аргумент: преобразование "__int64" в "int", возможна потеря данных
D:\Программы\OSPanel\domains\-C-\Курсовая работа\Курсовая работа.cpp(1096,27): warning C4244: аргумент: преобразование "__int64" в "int", возможна потеря данных
D:\Программы\OSPanel\domains\-C-\Курсовая работа\Курсовая работа.cpp(1099,14): warning C4244: аргумент: преобразование "__int64" в "int", возможна потеря данных
D:\Программы\OSPanel\domains\-C-\Курсовая работа\Курсовая работа.cpp(1100,26): warning C4244: аргумент: преобразование "__int64" в "int", возможна потеря данных
D:\Программы\OSPanel\domains\-C-\Курсовая работа\Курсовая работа.cpp(1103,15): warning C4244: аргумент: преобразование "__int64" в "int", возможна потеря данных
D:\Программы\OSPanel\domains\-C-\Курсовая работа\Курсовая работа.cpp(1109,14): warning C4244: аргумент: преобразование "__int64" в "int", возможна потеря данных
D:\Программы\OSPanel\domains\-C-\Курсовая работа\Курсовая работа.cpp(1110,26): warning C4244: аргумент: преобразование "__int64" в "int", возможна потеря данных
D:\Программы\OSPanel\domains\-C-\Курсовая работа\Курсовая работа.cpp(1116,15): warning C4244: аргумент: преобразование "__int64" в "int", возможна потеря данных
D:\Программы\OSPanel\domains\-C-\Курсовая работа\Курсовая работа.cpp(1117,27): warning C4244: аргумент: преобразование "__int64" в "int", возможна потеря данных
D:\Программы\OSPanel\domains\-C-\Курсовая работа\Курсовая работа.cpp(1120,14): warning C4244: аргумент: преобразование "__int64" в "int", возможна потеря данных
D:\Программы\OSPanel\domains\-C-\Курсовая работа\Курсовая работа.cpp(1121,26): warning C4244: аргумент: преобразование "__int64" в "int", возможна потеря данных
D:\Программы\OSPanel\domains\-C-\Курсовая работа\Курсовая работа.cpp(1124,17): warning C4244: аргумент: преобразование "__int64" в "int", возможна потеря данных
D:\Программы\OSPanel\domains\-C-\Курсовая работа\Курсовая работа.cpp(1083,9): warning C4101: y: неиспользованная локальная переменная
D:\Программы\OSPanel\domains\-C-\Курсовая работа\Курсовая работа.cpp(1083,6): warning C4101: x: неиспользованная локальная переменная
D:\Программы\OSPanel\domains\-C-\Курсовая работа\Курсовая работа.cpp(1083,12): warning C4101: el: неиспользованная локальная переменная
D:\Программы\OSPanel\domains\-C-\Курсовая работа\Курсовая работа.cpp(1137,10): warning C4305: инициализация: усечение из "double" в "float"
D:\Программы\OSPanel\domains\-C-\Курсовая работа\Курсовая работа.cpp(1143,14): warning C4244: аргумент: преобразование "__int64" в "int", возможна потеря данных
D:\Программы\OSPanel\domains\-C-\Курсовая работа\Курсовая работа.cpp(1144,26): warning C4244: аргумент: преобразование "__int64" в "int", возможна потеря данных
D:\Программы\OSPanel\domains\-C-\Курсовая работа\Курсовая работа.cpp(1149,15): warning C4244: аргумент: преобразование "__int64" в "int", возможна потеря данных
D:\Программы\OSPanel\domains\-C-\Курсовая работа\Курсовая работа.cpp(1150,27): warning C4244: аргумент: преобразование "__int64" в "int", возможна потеря данных
D:\Программы\OSPanel\domains\-C-\Курсовая работа\Курсовая работа.cpp(1155,14): warning C4244: аргумент: преобразование "__int64" в "int", возможна потеря данных
D:\Программы\OSPanel\domains\-C-\Курсовая работа\Курсовая работа.cpp(1156,26): warning C4244: аргумент: преобразование "__int64" в "int", возможна потеря данных
D:\Программы\OSPanel\domains\-C-\Курсовая работа\Курсовая работа.cpp(1158,10): warning C4244: /=: преобразование "float" в "int", возможна потеря данных
D:\Программы\OSPanel\domains\-C-\Курсовая работа\Курсовая работа.cpp(1164,14): warning C4244: аргумент: преобразование "__int64" в "int", возможна потеря данных
D:\Программы\OSPanel\domains\-C-\Курсовая работа\Курсовая работа.cpp(1165,26): warning C4244: аргумент: преобразование "__int64" в "int", возможна потеря данных
D:\Программы\OSPanel\domains\-C-\Курсовая работа\Курсовая работа.cpp(1171,15): warning C4244: аргумент: преобразование "__int64" в "int", возможна потеря данных
D:\Программы\OSPanel\domains\-C-\Курсовая работа\Курсовая работа.cpp(1172,27): warning C4244: аргумент: преобразование "__int64" в "int", возможна потеря данных
D:\Программы\OSPanel\domains\-C-\Курсовая работа\Курсовая работа.cpp(1175,14): warning C4244: аргумент: преобразование "__int64" в "int", возможна потеря данных
D:\Программы\OSPanel\domains\-C-\Курсовая работа\Курсовая работа.cpp(1176,26): warning C4244: аргумент: преобразование "__int64" в "int", возможна потеря данных
D:\Программы\OSPanel\domains\-C-\Курсовая работа\Курсовая работа.cpp(1136,9): warning C4101: y: неиспользованная локальная переменная
D:\Программы\OSPanel\domains\-C-\Курсовая работа\Курсовая работа.cpp(1136,6): warning C4101: x: неиспользованная локальная переменная
D:\Программы\OSPanel\domains\-C-\Курсовая работа\Курсовая работа.cpp(1136,12): warning C4101: el: неиспользованная локальная переменная
D:\Программы\OSPanel\domains\-C-\Курсовая работа\Курсовая работа.cpp(1198,30): warning C4244: аргумент: преобразование "__int64" в "int", возможна потеря данных
D:\Программы\OSPanel\domains\-C-\Курсовая работа\Курсовая работа.cpp(1199,34): warning C4244: аргумент: преобразование "__int64" в "int", возможна потеря данных
D:\Программы\OSPanel\domains\-C-\Курсовая работа\Курсовая работа.cpp(1203,29): warning C4244: аргумент: преобразование "__int64" в "int", возможна потеря данных
D:\Программы\OSPanel\domains\-C-\Курсовая работа\Курсовая работа.cpp(1205,34): warning C4244: аргумент: преобразование "__int64" в "int", возможна потеря данных
D:\Программы\OSPanel\domains\-C-\Курсовая работа\Курсовая работа.cpp(1190,9): warning C4101: y: неиспользованная локальная переменная
D:\Программы\OSPanel\domains\-C-\Курсовая работа\Курсовая работа.cpp(1190,6): warning C4101: x: неиспользованная локальная переменная
D:\Программы\OSPanel\domains\-C-\Курсовая работа\Курсовая работа.cpp(1190,12): warning C4101: el: неиспользованная локальная переменная
D:\Программы\OSPanel\domains\-C-\Курсовая работа\Курсовая работа.cpp(1217,13): warning C4244: аргумент: преобразование "__int64" в "int", возможна потеря данных
D:\Программы\OSPanel\domains\-C-\Курсовая работа\Курсовая работа.cpp(1224,16): warning C4244: аргумент: преобразование "__int64" в "int", возможна потеря данных
D:\Программы\OSPanel\domains\-C-\Курсовая работа\Курсовая работа.cpp(1229,13): warning C4244: аргумент: преобразование "__int64" в "int", возможна потеря данных
D:\Программы\OSPanel\domains\-C-\Курсовая работа\Курсовая работа.cpp(1235,18): warning C4244: аргумент: преобразование "__int64" в "int", возможна потеря данных
D:\Программы\OSPanel\domains\-C-\Курсовая работа\Курсовая работа.cpp(1240,14): warning C4244: аргумент: преобразование "__int64" в "int", возможна потеря данных
D:\Программы\OSPanel\domains\-C-\Курсовая работа\Курсовая работа.cpp(1243,14): warning C4244: аргумент: преобразование "__int64" в "int", возможна потеря данных
D:\Программы\OSPanel\domains\-C-\Курсовая работа\Курсовая работа.cpp(1246,14): warning C4244: аргумент: преобразование "__int64" в "int", возможна потеря данных
D:\Программы\OSPanel\domains\-C-\Курсовая работа\Курсовая работа.cpp(1253,13): warning C4244: аргумент: преобразование "__int64" в "int", возможна потеря данных
D:\Программы\OSPanel\domains\-C-\Курсовая работа\Курсовая работа.cpp(1255,28): warning C4244: аргумент: преобразование "__int64" в "int", возможна потеря данных
D:\Программы\OSPanel\domains\-C-\Курсовая работа\Курсовая работа.cpp(1213,13): warning C4101: y: неиспользованная локальная переменная
D:\Программы\OSPanel\domains\-C-\Курсовая работа\Курсовая работа.cpp(1213,10): warning C4101: x: неиспользованная локальная переменная
D:\Программы\OSPanel\domains\-C-\Курсовая работа\Курсовая работа.cpp(1213,6): warning C4101: el: неиспользованная локальная переменная
D:\Программы\OSPanel\domains\-C-\Курсовая работа\Курсовая работа.cpp(1360,12): warning C4244: аргумент: преобразование "time_t" в "unsigned int", возможна потеря данных
D:\Программы\OSPanel\domains\-C-\Курсовая работа\Курсовая работа.cpp(1577,11): warning C4804: <: небезопасное использование типа "bool" в операции
D:\Программы\OSPanel\domains\-C-\Курсовая работа\Курсовая работа.cpp(431,13): warning C4305: инициализация: усечение из "double" в "float"
D:\Программы\OSPanel\domains\-C-\Курсовая работа\Курсовая работа.cpp(440,16): warning C4244: /=: преобразование "float" в "int", возможна потеря данных
D:\Программы\OSPanel\domains\-C-\Курсовая работа\Курсовая работа.cpp(345,1): warning C4715: binarySearch: значение возвращается не при всех путях выполнения
  Курсовая работа.vcxproj -> D:\Программы\OSPanel\domains\-C-\Курсовая работа\x64\Debug\Курсовая работа.exe
